<?xml version="1.0" encoding="UTF-8"?>
<!-- Generated by org.testng.reporters.JUnitXMLReporter -->
<testsuite ignored="0" hostname="DESKTOP-QCF3R5E" failures="0" tests="4" name="Default test" time="46.639" errors="0" timestamp="2024-07-11T01:18:10 IST">
  <testcase classname="Testclass.spiceJetTest" name="validateSignUpPage" time="7.669"/>
  <testcase classname="Testclass.spiceJetTest" name="onewaytrip" time="1.952"/>
  <testcase classname="Testclass.spiceJetTest" name="twoWaytrip" time="2.772"/>
  <testcase classname="Testclass.spiceJetTest" name="loginValidation" time="6.092"/>
</testsuite> <!-- Default test -->
